<?xml version="1.0" encoding="UTF-8"?>
<!-- Generated by org.testng.reporters.JUnitReportReporter -->
<testsuite hostname="DESKTOP-2011PF2" failures="0" tests="1" name="com.comcast.crm.vendors.CreateProductWIthVendor" time="8.030" errors="0" timestamp="2025-02-02T19:18:15 IST" skipped="0">
  <testcase classname="com.comcast.crm.vendors.CreateProductWIthVendor" name="createProductWIthVendor" time="8.030"/>
  <system-out/>
</testsuite> <!-- com.comcast.crm.vendors.CreateProductWIthVendor -->
