<?xml version="1.0" encoding="UTF-8"?>
<!-- Generated by org.testng.reporters.JUnitReportReporter -->
<testsuite hostname="DESKTOP-2011PF2" failures="0" tests="1" name="com.comcast.crm.orgtest.CreateAndDeleteOrg" time="8.380" errors="0" timestamp="2025-01-27T17:42:22 IST" skipped="0">
  <testcase classname="com.comcast.crm.orgtest.CreateAndDeleteOrg" name="createDeleteOrg" time="8.380"/>
  <system-out/>
</testsuite> <!-- com.comcast.crm.orgtest.CreateAndDeleteOrg -->
