<?xml version="1.0" encoding="UTF-8"?>
<!-- Generated by org.testng.reporters.JUnitReportReporter -->
<testsuite hostname="DESKTOP-2011PF2" failures="0" tests="5" name="demoPackage.Q1A" time="0.025" errors="0" timestamp="2025-01-20T17:59:24 IST" skipped="0">
  <testcase classname="demoPackage.Q1A" name="execute" time="0.019"/>
  <testcase classname="demoPackage.Q1A" name="execute" time="0.001"/>
  <testcase classname="demoPackage.Q1A" name="execute" time="0.002"/>
  <testcase classname="demoPackage.Q1A" name="execute" time="0.002"/>
  <testcase classname="demoPackage.Q1A" name="execute" time="0.001"/>
</testsuite> <!-- demoPackage.Q1A -->
