<?xml version="1.0" encoding="UTF-8"?>
<!-- Generated by org.testng.reporters.JUnitReportReporter -->
<testsuite hostname="DESKTOP-2011PF2" failures="0" tests="4" name="demoPackage.Q3A" time="0.018" errors="0" timestamp="2025-01-20T16:12:35 IST" skipped="0">
  <testcase classname="demoPackage.Q3A" name="readData" time="0.012"/>
  <testcase classname="demoPackage.Q3A" name="readData" time="0.003"/>
  <testcase classname="demoPackage.Q3A" name="readData" time="0.001"/>
  <testcase classname="demoPackage.Q3A" name="readData" time="0.002"/>
</testsuite> <!-- demoPackage.Q3A -->
