<?xml version="1.0" encoding="UTF-8"?>
<!-- Generated by org.testng.reporters.JUnitReportReporter -->
<testsuite hostname="DESKTOP-2011PF2" failures="0" tests="2" name="com.comcast.crm.vendors.CreateProductWIthVendor" time="17.282" errors="0" timestamp="2025-02-02T19:34:23 IST" skipped="0">
  <testcase classname="com.comcast.crm.vendors.CreateProductWIthVendor" name="createProductWIthVendor" time="10.538"/>
  <system-out/>
  <testcase classname="com.comcast.crm.vendors.CreateProductWIthVendor" name="createVendorTest" time="6.744"/>
  <system-out/>
</testsuite> <!-- com.comcast.crm.vendors.CreateProductWIthVendor -->
