<?xml version="1.0" encoding="UTF-8"?>
<!-- Generated by org.testng.reporters.JUnitReportReporter -->
<testsuite hostname="DESKTOP-2011PF2" failures="0" tests="1" name="com.comcast.crm.contacttest.TC_05" time="6.206" errors="0" timestamp="2025-01-24T18:13:20 IST" skipped="0">
  <testcase classname="com.comcast.crm.contacttest.TC_05" name="contactWithValidationTest" time="6.206"/>
  <system-out/>
</testsuite> <!-- com.comcast.crm.contacttest.TC_05 -->
