<?xml version="1.0" encoding="UTF-8"?>
<!-- Generated by org.testng.reporters.JUnitReportReporter -->
<testsuite hostname="DESKTOP-2011PF2" failures="0" tests="1" name="demoPackage.ExtentReportsDemoTest" time="0.026" errors="0" timestamp="2025-01-25T11:05:10 IST" skipped="0">
  <testcase classname="demoPackage.ExtentReportsDemoTest" name="createContactTest" time="0.026"/>
  <system-out/>
</testsuite> <!-- demoPackage.ExtentReportsDemoTest -->
