<?xml version="1.0" encoding="UTF-8"?>
<!-- Generated by org.testng.reporters.JUnitReportReporter -->
<testsuite hostname="DESKTOP-2011PF2" failures="0" tests="3" name="com.comcast.crm.orgtest.OrgTestSuite" time="19.354" errors="0" timestamp="2025-02-02T19:23:55 IST" skipped="0">
  <testcase classname="com.comcast.crm.orgtest.OrgTestSuite" name="orgWithPhoneTest" time="5.493"/>
  <system-out/>
  <testcase classname="com.comcast.crm.orgtest.OrgTestSuite" name="OrgWithIndustryAndTypeTest" time="6.701"/>
  <system-out/>
  <testcase classname="com.comcast.crm.orgtest.OrgTestSuite" name="createOrgTest" time="7.160"/>
  <system-out/>
</testsuite> <!-- com.comcast.crm.orgtest.OrgTestSuite -->
