<?xml version="1.0" encoding="UTF-8"?>
<!-- Generated by org.testng.reporters.JUnitReportReporter -->
<testsuite hostname="DESKTOP-2011PF2" failures="0" tests="1" name="com.comcast.crm.vendors.CreateVendorTest" time="6.128" errors="0" timestamp="2025-02-02T19:14:28 IST" skipped="0">
  <testcase classname="com.comcast.crm.vendors.CreateVendorTest" name="createVendorTest" time="6.128"/>
  <system-out/>
</testsuite> <!-- com.comcast.crm.vendors.CreateVendorTest -->
