<?xml version="1.0" encoding="UTF-8"?>
<!-- Generated by org.testng.reporters.JUnitReportReporter -->
<testsuite hostname="DESKTOP-2011PF2" failures="0" tests="1" name="com.comcast.crm.contacttest.TC_04" time="6.021" errors="0" timestamp="2025-01-21T16:30:13 IST" skipped="0">
  <testcase classname="com.comcast.crm.contacttest.TC_04" name="createContactTest" time="6.021"/>
</testsuite> <!-- com.comcast.crm.contacttest.TC_04 -->
