<?xml version="1.0" encoding="UTF-8"?>
<!-- Generated by org.testng.reporters.JUnitReportReporter -->
<testsuite hostname="DESKTOP-2011PF2" failures="0" tests="4" name="DemoPackage.AmazonDataProviderDemo" time="34.794" errors="0" timestamp="2025-01-20T14:51:27 IST" skipped="0">
  <testcase classname="DemoPackage.AmazonDataProviderDemo" name="amazonTest" time="9.488"/>
  <testcase classname="DemoPackage.AmazonDataProviderDemo" name="amazonTest" time="8.379"/>
  <testcase classname="DemoPackage.AmazonDataProviderDemo" name="amazonTest" time="8.560"/>
  <testcase classname="DemoPackage.AmazonDataProviderDemo" name="amazonTest" time="8.367"/>
</testsuite> <!-- DemoPackage.AmazonDataProviderDemo -->
