<?xml version="1.0" encoding="UTF-8"?>
<!-- Generated by org.testng.reporters.JUnitReportReporter -->
<testsuite hostname="DESKTOP-2011PF2" failures="0" tests="1" name="com.comcast.crm.orgtest.TC_03" time="6.250" errors="0" timestamp="2025-01-27T18:16:00 IST" skipped="0">
  <testcase classname="com.comcast.crm.orgtest.TC_03" name="orgWithPhone" time="6.250"/>
  <system-out/>
</testsuite> <!-- com.comcast.crm.orgtest.TC_03 -->
