<?xml version="1.0" encoding="UTF-8"?>
<!-- Generated by org.testng.reporters.JUnitReportReporter -->
<testsuite hostname="DESKTOP-2011PF2" failures="0" tests="1" name="com.comcast.crm.leadtest.CreateLead" time="14.253" errors="0" timestamp="2025-01-30T18:09:25 IST" skipped="0">
  <testcase classname="com.comcast.crm.leadtest.CreateLead" name="createLeadTest" time="14.253"/>
  <system-out/>
</testsuite> <!-- com.comcast.crm.leadtest.CreateLead -->
