<?xml version="1.0" encoding="UTF-8"?>
<!-- Generated by org.testng.reporters.JUnitReportReporter -->
<testsuite hostname="DESKTOP-2011PF2" failures="0" tests="1" name="demoPackage.BrowserStackTest" time="24.799" errors="0" timestamp="2025-02-04T10:48:24 IST" skipped="0">
  <testcase classname="demoPackage.BrowserStackTest" name="sampleTest" time="24.799"/>
  <system-out/>
</testsuite> <!-- demoPackage.BrowserStackTest -->
