<?xml version="1.0" encoding="UTF-8"?>
<!-- Generated by org.testng.reporters.JUnitReportReporter -->
<testsuite hostname="DESKTOP-2011PF2" failures="0" tests="1" name="com.comcast.crm.orgtest.TC_01" time="6.790" errors="0" timestamp="2025-01-28T17:40:03 IST" skipped="0">
  <testcase classname="com.comcast.crm.orgtest.TC_01" name="createOrgTest" time="6.790"/>
  <system-out/>
</testsuite> <!-- com.comcast.crm.orgtest.TC_01 -->
