<?xml version="1.0" encoding="UTF-8"?>
<!-- Generated by org.testng.reporters.JUnitReportReporter -->
<testsuite hostname="DESKTOP-2011PF2" failures="0" tests="3" name="demoPackage.SeleniumGridDemo" time="54.419" errors="0" timestamp="2025-02-13T17:25:01 IST" skipped="0">
  <testcase classname="demoPackage.SeleniumGridDemo" name="gridTest" time="15.712"/>
  <system-out/>
  <testcase classname="demoPackage.SeleniumGridDemo" name="gridTest" time="21.204"/>
  <system-out/>
  <testcase classname="demoPackage.SeleniumGridDemo" name="gridTest" time="17.503"/>
  <system-out/>
</testsuite> <!-- demoPackage.SeleniumGridDemo -->
