<?xml version="1.0" encoding="UTF-8"?>
<!-- Generated by org.testng.reporters.JUnitReportReporter -->
<testsuite hostname="DESKTOP-2011PF2" failures="0" tests="3" name="com.comcast.crm.leadtest.LeadTestSuite" time="33.730" errors="0" timestamp="2025-03-03T17:46:46 IST" skipped="0">
  <testcase classname="com.comcast.crm.leadtest.LeadTestSuite" name="createLeadTest" time="8.871"/>
  <system-out/>
  <testcase classname="com.comcast.crm.leadtest.LeadTestSuite" name="LeadWithSourceAndIndustryTest" time="15.057"/>
  <system-out/>
  <testcase classname="com.comcast.crm.leadtest.LeadTestSuite" name="leadWithPhoneTest" time="9.802"/>
  <system-out/>
</testsuite> <!-- com.comcast.crm.leadtest.LeadTestSuite -->
