<?xml version="1.0" encoding="UTF-8"?>
<!-- Generated by org.testng.reporters.JUnitReportReporter -->
<testsuite hostname="DESKTOP-2011PF2" failures="0" tests="1" name="demoPackage.ExtentReportsDemo" time="4.253" errors="0" timestamp="2025-01-25T14:50:09 IST" skipped="0">
  <testcase classname="demoPackage.ExtentReportsDemo" name="createContactTest" time="4.253"/>
  <system-out/>
</testsuite> <!-- demoPackage.ExtentReportsDemo -->
