<?xml version="1.0" encoding="UTF-8"?>
<!-- Generated by org.testng.reporters.JUnitReportReporter -->
<testsuite hostname="DESKTOP-2011PF2" failures="0" tests="1" name="com.comcast.crm.mocks.HotstarMock" time="41.217" errors="0" timestamp="2025-01-27T12:15:09 IST" skipped="0">
  <testcase classname="com.comcast.crm.mocks.HotstarMock" name="hotStarMock" time="41.217"/>
  <system-out/>
</testsuite> <!-- com.comcast.crm.mocks.HotstarMock -->
