<?xml version="1.0" encoding="UTF-8"?>
<!-- Generated by org.testng.reporters.JUnitReportReporter -->
<testsuite hostname="DESKTOP-2011PF2" failures="0" tests="1" name="demoPackage.Zelenium3" time="18.699" errors="0" timestamp="2025-02-14T17:44:46 IST" skipped="0">
  <testcase classname="demoPackage.Zelenium3" name="gridTest3" time="18.699"/>
  <system-out/>
</testsuite> <!-- demoPackage.Zelenium3 -->
