<?xml version="1.0" encoding="UTF-8"?>
<!-- Generated by org.testng.reporters.JUnitReportReporter -->
<testsuite hostname="DESKTOP-2011PF2" failures="0" tests="3" name="com.comcast.crm.contacttest.ContactsTestSuite" time="54.042" errors="0" timestamp="2025-03-03T17:46:45 IST" skipped="0">
  <testcase classname="com.comcast.crm.contacttest.ContactsTestSuite" name="createContactTest" time="10.349"/>
  <system-out/>
  <testcase classname="com.comcast.crm.contacttest.ContactsTestSuite" name="ContactwithOrg" time="27.145"/>
  <system-out/>
  <testcase classname="com.comcast.crm.contacttest.ContactsTestSuite" name="contactWithValidationTest" time="16.548"/>
  <system-out/>
</testsuite> <!-- com.comcast.crm.contacttest.ContactsTestSuite -->
