<?xml version="1.0" encoding="UTF-8"?>
<!-- Generated by org.testng.reporters.JUnitReportReporter -->
<testsuite hostname="DESKTOP-2011PF2" failures="0" tests="4" name="com.comcast.crm.orgtest.OrgTestSuite" time="26.162" errors="0" timestamp="2025-02-13T16:38:46 IST" skipped="0">
  <testcase classname="com.comcast.crm.orgtest.OrgTestSuite" name="createDeleteOrgTest" time="8.146"/>
  <system-out/>
  <testcase classname="com.comcast.crm.orgtest.OrgTestSuite" name="createOrgTest" time="5.674"/>
  <system-out/>
  <testcase classname="com.comcast.crm.orgtest.OrgTestSuite" name="orgWithPhoneTest" time="6.227"/>
  <system-out/>
  <testcase classname="com.comcast.crm.orgtest.OrgTestSuite" name="OrgWithIndustryAndTypeTest" time="6.115"/>
  <system-out/>
</testsuite> <!-- com.comcast.crm.orgtest.OrgTestSuite -->
