<?xml version="1.0" encoding="UTF-8"?>
<!-- Generated by org.testng.reporters.JUnitReportReporter -->
<testsuite hostname="DESKTOP-2011PF2" failures="0" tests="1" name="com.comcast.crm.contacttest.TC_06" time="28.931" errors="0" timestamp="2025-01-27T14:38:13 IST" skipped="0">
  <testcase classname="com.comcast.crm.contacttest.TC_06" name="ContactwithOrg" time="28.931"/>
  <system-out/>
</testsuite> <!-- com.comcast.crm.contacttest.TC_06 -->
