<?xml version="1.0" encoding="UTF-8"?>
<!-- Generated by org.testng.reporters.JUnitReportReporter -->
<testsuite hostname="DESKTOP-2011PF2" failures="0" tests="2" name="com.comcast.crm.vendors.VendorTestSuite" time="11.953" errors="0" timestamp="2025-02-13T16:38:46 IST" skipped="0">
  <testcase classname="com.comcast.crm.vendors.VendorTestSuite" name="createVendorTest" time="5.524"/>
  <system-out/>
  <testcase classname="com.comcast.crm.vendors.VendorTestSuite" name="createProductWIthVendor" time="6.429"/>
  <system-out/>
</testsuite> <!-- com.comcast.crm.vendors.VendorTestSuite -->
